<?xml version="1.0" encoding="UTF-8"?>
<!-- Generated by org.testng.reporters.JUnitXMLReporter -->
<testsuite ignored="4" hostname="DESKTOP-83U9K5D" failures="0" tests="7" name="Test" time="11.703" errors="0" timestamp="2023-02-12T00:41:39 IST">
  <testcase classname="Test1.PIMTest" name="verifyPimPageTitle" time="1.769"/>
  <testcase classname="Test1.PIMTest" name="verifyEmpSearchEmpId" time="0.673"/>
  <testcase classname="Test1.PIMTest" name="TestIngChanges" time="0.002"/>
  <testcase classname="Test1.LoginTest" name="verifyBuildTitleofpage" time="0.014"/>
  <testcase classname="Test1.LoginTest" name="verifytitleofloginpage" time="0.324"/>
  <testcase classname="Test1.LoginTest" name="verifyCurrenturlofpage" time="0.015"/>
  <testcase classname="Test1.LoginTest" name="verifyLoginwithCorrectcredentials" time="1.539"/>
  <testcase classname="Test1.BaseTest" name="@BeforeSuite intiBrowser" time="0.0">
    <ignored/>
  </testcase> <!-- @BeforeSuite intiBrowser -->
  <testcase classname="Test1.BaseTest" name="@BeforeSuite intiBrowser" time="0.0">
    <ignored/>
  </testcase> <!-- @BeforeSuite intiBrowser -->
  <testcase classname="Test1.BaseTest" name="@AfterSuite logoutUser" time="0.0">
    <ignored/>
  </testcase> <!-- @AfterSuite logoutUser -->
  <testcase classname="Test1.BaseTest" name="@AfterSuite logoutUser" time="0.0">
    <ignored/>
  </testcase> <!-- @AfterSuite logoutUser -->
</testsuite> <!-- Test -->
