<?xml version="1.0" encoding="UTF-8"?>
<!-- Generated by org.testng.reporters.JUnitXMLReporter -->
<testsuite ignored="0" hostname="DESKTOP-83U9K5D" failures="0" tests="4" name="Default test" time="6.687" errors="0" timestamp="2023-02-12T00:39:07 IST">
  <testcase classname="Test1.LoginTest" name="verifyBuildTitleofpage" time="0.02"/>
  <testcase classname="Test1.LoginTest" name="verifytitleofloginpage" time="1.843"/>
  <testcase classname="Test1.LoginTest" name="verifyCurrenturlofpage" time="0.013"/>
  <testcase classname="Test1.LoginTest" name="verifyLoginwithCorrectcredentials" time="1.656"/>
</testsuite> <!-- Default test -->
